<html>
<head>
<title>TestNG:  Surefire test</title>
<link href="../testng.css" rel="stylesheet" type="text/css" />
<link href="../my-testng.css" rel="stylesheet" type="text/css" />

<style type="text/css">
.log { display: none;} 
.stack-trace { display: none;} 
</style>
<script type="text/javascript">
<!--
function flip(e) {
  current = e.style.display;
  if (current == 'block') {
    e.style.display = 'none';
    return 0;
  }
  else {
    e.style.display = 'block';
    return 1;
  }
}

function toggleBox(szDivId, elem, msg1, msg2)
{
  var res = -1;  if (document.getElementById) {
    res = flip(document.getElementById(szDivId));
  }
  else if (document.all) {
    // this is the way old msie versions work
    res = flip(document.all[szDivId]);
  }
  if(elem) {
    if(res == 0) elem.innerHTML = msg1; else elem.innerHTML = msg2;
  }

}

function toggleAllBoxes() {
  if (document.getElementsByTagName) {
    d = document.getElementsByTagName('div');
    for (i = 0; i < d.length; i++) {
      if (d[i].className == 'log') {
        flip(d[i]);
      }
    }
  }
}

// -->
</script>

</head>
<body>
<h2 align='center'>Surefire test</h2><table border='1' align="center">
<tr>
<td>Tests passed/Failed/Skipped:</td><td>17/1/0</td>
</tr><tr>
<td>Started on:</td><td>Tue Aug 27 13:17:49 IST 2024</td>
</tr>
<tr><td>Total time:</td><td>77 seconds (77670 ms)</td>
</tr><tr>
<td>Included groups:</td><td></td>
</tr><tr>
<td>Excluded groups:</td><td></td>
</tr>
</table><p/>
<small><i>(Hover the method name to see the test class name)</i></small><p/>
<table width='100%' border='1' class='invocation-failed'>
<tr><td colspan='4' align='center'><b>FAILED TESTS</b></td></tr>
<tr><td><b>Test method</b></td>
<td><b>Attribute(s)</b></td>
<td width="30%"><b>Exception</b></td>
<td width="10%"><b>Time (seconds)</b></td>
<td><b>Instance</b></td>
</tr>
<tr>
<td title='scode.ECommerceTesting.Tests.LoginPageTest.loginValidation()'><b>loginValidation</b><br>Test class: scode.ECommerceTesting.Tests.LoginPageTest<br>Parameters: {password=151Fa04124@4517, email=santhoshsai4517@gmail.com}</td>
<td><div><pre>java.lang.AssertionError: expected [Login Successfully] but found []
	at scode.ECommerceTesting.Tests.LoginPageTest.loginValidation(LoginPageTest.java:20)
	at java.base/java.util.ArrayList.forEach(ArrayList.java:1596)
... Removed 36 stack frames</pre></div><a href='#' onClick='toggleBox("stack-trace1541427914", this, "Click to show all stack frames", "Click to hide stack frames")'>Click to show all stack frames</a>
<div class='stack-trace' id='stack-trace1541427914'><pre>java.lang.AssertionError: expected [Login Successfully] but found []
	at org.testng.Assert.fail(Assert.java:111)
	at org.testng.Assert.failNotEquals(Assert.java:1578)
	at org.testng.Assert.assertEqualsImpl(Assert.java:150)
	at org.testng.Assert.assertEquals(Assert.java:132)
	at org.testng.Assert.assertEquals(Assert.java:656)
	at org.testng.Assert.assertEquals(Assert.java:666)
	at scode.ECommerceTesting.Tests.LoginPageTest.loginValidation(LoginPageTest.java:20)
	at java.base/jdk.internal.reflect.DirectMethodHandleAccessor.invoke(DirectMethodHandleAccessor.java:103)
	at java.base/java.lang.reflect.Method.invoke(Method.java:580)
	at org.testng.internal.invokers.MethodInvocationHelper.invokeMethod(MethodInvocationHelper.java:141)
	at org.testng.internal.invokers.TestInvoker.invokeMethod(TestInvoker.java:686)
	at org.testng.internal.invokers.TestInvoker.invokeTestMethod(TestInvoker.java:230)
	at org.testng.internal.invokers.MethodRunner.runInSequence(MethodRunner.java:63)
	at org.testng.internal.invokers.TestInvoker$MethodInvocationAgent.invoke(TestInvoker.java:992)
	at org.testng.internal.invokers.TestInvoker.invokeTestMethods(TestInvoker.java:203)
	at org.testng.internal.invokers.TestMethodWorker.invokeTestMethods(TestMethodWorker.java:154)
	at org.testng.internal.invokers.TestMethodWorker.run(TestMethodWorker.java:134)
	at java.base/java.util.ArrayList.forEach(ArrayList.java:1596)
	at org.testng.TestRunner.privateRun(TestRunner.java:739)
	at org.testng.TestRunner.run(TestRunner.java:614)
	at org.testng.SuiteRunner.runTest(SuiteRunner.java:421)
	at org.testng.SuiteRunner.runSequentially(SuiteRunner.java:413)
	at org.testng.SuiteRunner.privateRun(SuiteRunner.java:373)
	at org.testng.SuiteRunner.run(SuiteRunner.java:312)
	at org.testng.SuiteRunnerWorker.runSuite(SuiteRunnerWorker.java:52)
	at org.testng.SuiteRunnerWorker.run(SuiteRunnerWorker.java:95)
	at org.testng.TestNG.runSuitesSequentially(TestNG.java:1274)
	at org.testng.TestNG.runSuitesLocally(TestNG.java:1208)
	at org.testng.TestNG.runSuites(TestNG.java:1112)
	at org.testng.TestNG.run(TestNG.java:1079)
	at org.apache.maven.surefire.testng.TestNGExecutor.run(TestNGExecutor.java:135)
	at org.apache.maven.surefire.testng.TestNGDirectoryTestSuite.executeMulti(TestNGDirectoryTestSuite.java:193)
	at org.apache.maven.surefire.testng.TestNGDirectoryTestSuite.execute(TestNGDirectoryTestSuite.java:94)
	at org.apache.maven.surefire.testng.TestNGProvider.invoke(TestNGProvider.java:146)
	at org.apache.maven.surefire.booter.ForkedBooter.invokeProviderInSameClassLoader(ForkedBooter.java:384)
	at org.apache.maven.surefire.booter.ForkedBooter.runSuitesInProcess(ForkedBooter.java:345)
	at org.apache.maven.surefire.booter.ForkedBooter.execute(ForkedBooter.java:126)
	at org.apache.maven.surefire.booter.ForkedBooter.main(ForkedBooter.java:418)
</pre></div></td>
<td>0</td>
<td>scode.ECommerceTesting.Tests.LoginPageTest@61dd025</td></tr>
</table><p>
<table width='100%' border='1' class='invocation-passed'>
<tr><td colspan='4' align='center'><b>PASSED TESTS</b></td></tr>
<tr><td><b>Test method</b></td>
<td><b>Attribute(s)</b></td>
<td width="30%"><b>Exception</b></td>
<td width="10%"><b>Time (seconds)</b></td>
<td><b>Instance</b></td>
</tr>
<tr>
<td title='scode.ECommerceTesting.Tests.ForgotPasswordPageTest.visitPage()'><b>visitPage</b><br>Test class: scode.ECommerceTesting.Tests.ForgotPasswordPageTest</td>
<td></td>
<td>0</td>
<td>scode.ECommerceTesting.Tests.ForgotPasswordPageTest@147ed70f</td></tr>
<tr>
<td title='scode.ECommerceTesting.Tests.LoginPageTest.emptyPassword()'><b>emptyPassword</b><br>Test class: scode.ECommerceTesting.Tests.LoginPageTest</td>
<td></td>
<td>0</td>
<td>scode.ECommerceTesting.Tests.LoginPageTest@61dd025</td></tr>
<tr>
<td title='scode.ECommerceTesting.Tests.ForgotPasswordPageTest.changePassword()'><b>changePassword</b><br>Test class: scode.ECommerceTesting.Tests.ForgotPasswordPageTest<br>Parameters: {oldpassword=151Fa04124@4517, newpassword=123, email=santhoshsai@gmail.com}</td>
<td></td>
<td>6</td>
<td>scode.ECommerceTesting.Tests.ForgotPasswordPageTest@147ed70f</td></tr>
<tr>
<td title='scode.ECommerceTesting.Tests.LoginPageTest.incorrecCredentials()'><b>incorrecCredentials</b><br>Test class: scode.ECommerceTesting.Tests.LoginPageTest</td>
<td></td>
<td>0</td>
<td>scode.ECommerceTesting.Tests.LoginPageTest@61dd025</td></tr>
<tr>
<td title='scode.ECommerceTesting.Tests.ForgotPasswordPageTest.gotoRegister()'><b>gotoRegister</b><br>Test class: scode.ECommerceTesting.Tests.ForgotPasswordPageTest</td>
<td></td>
<td>0</td>
<td>scode.ECommerceTesting.Tests.ForgotPasswordPageTest@147ed70f</td></tr>
<tr>
<td title='scode.ECommerceTesting.Tests.ForgotPasswordPageTest.emptyEmail()'><b>emptyEmail</b><br>Test class: scode.ECommerceTesting.Tests.ForgotPasswordPageTest</td>
<td></td>
<td>1</td>
<td>scode.ECommerceTesting.Tests.ForgotPasswordPageTest@147ed70f</td></tr>
<tr>
<td title='scode.ECommerceTesting.Tests.ForgotPasswordPageTest.loginWithOldPassword()'><b>loginWithOldPassword</b><br>Test class: scode.ECommerceTesting.Tests.ForgotPasswordPageTest<br>Parameters: {oldpassword=151Fa04124@4517, newpassword=123, email=santhoshsai@gmail.com}</td>
<td></td>
<td>0</td>
<td>scode.ECommerceTesting.Tests.ForgotPasswordPageTest@147ed70f</td></tr>
<tr>
<td title='scode.ECommerceTesting.Tests.LoginPageTest.emptyEmailAndPassword()'><b>emptyEmailAndPassword</b><br>Test class: scode.ECommerceTesting.Tests.LoginPageTest</td>
<td></td>
<td>0</td>
<td>scode.ECommerceTesting.Tests.LoginPageTest@61dd025</td></tr>
<tr>
<td title='scode.ECommerceTesting.Tests.ForgotPasswordPageTest.emptyConfirmPassword()'><b>emptyConfirmPassword</b><br>Test class: scode.ECommerceTesting.Tests.ForgotPasswordPageTest</td>
<td></td>
<td>0</td>
<td>scode.ECommerceTesting.Tests.ForgotPasswordPageTest@147ed70f</td></tr>
<tr>
<td title='scode.ECommerceTesting.Tests.LoginPageTest.invalidEmail()'><b>invalidEmail</b><br>Test class: scode.ECommerceTesting.Tests.LoginPageTest</td>
<td></td>
<td>0</td>
<td>scode.ECommerceTesting.Tests.LoginPageTest@61dd025</td></tr>
<tr>
<td title='scode.ECommerceTesting.Tests.ForgotPasswordPageTest.notAUser()'><b>notAUser</b><br>Test class: scode.ECommerceTesting.Tests.ForgotPasswordPageTest</td>
<td></td>
<td>0</td>
<td>scode.ECommerceTesting.Tests.ForgotPasswordPageTest@147ed70f</td></tr>
<tr>
<td title='scode.ECommerceTesting.Tests.ForgotPasswordPageTest.gotoLogin()'><b>gotoLogin</b><br>Test class: scode.ECommerceTesting.Tests.ForgotPasswordPageTest</td>
<td></td>
<td>1</td>
<td>scode.ECommerceTesting.Tests.ForgotPasswordPageTest@147ed70f</td></tr>
<tr>
<td title='scode.ECommerceTesting.Tests.LoginPageTest.emptyEmail()'><b>emptyEmail</b><br>Test class: scode.ECommerceTesting.Tests.LoginPageTest</td>
<td></td>
<td>0</td>
<td>scode.ECommerceTesting.Tests.LoginPageTest@61dd025</td></tr>
<tr>
<td title='scode.ECommerceTesting.Tests.ForgotPasswordPageTest.emptyFileds()'><b>emptyFileds</b><br>Test class: scode.ECommerceTesting.Tests.ForgotPasswordPageTest</td>
<td></td>
<td>0</td>
<td>scode.ECommerceTesting.Tests.ForgotPasswordPageTest@147ed70f</td></tr>
<tr>
<td title='scode.ECommerceTesting.Tests.ForgotPasswordPageTest.emptyPassword()'><b>emptyPassword</b><br>Test class: scode.ECommerceTesting.Tests.ForgotPasswordPageTest</td>
<td></td>
<td>1</td>
<td>scode.ECommerceTesting.Tests.ForgotPasswordPageTest@147ed70f</td></tr>
<tr>
<td title='scode.ECommerceTesting.Tests.ForgotPasswordPageTest.invalidEmail()'><b>invalidEmail</b><br>Test class: scode.ECommerceTesting.Tests.ForgotPasswordPageTest</td>
<td></td>
<td>0</td>
<td>scode.ECommerceTesting.Tests.ForgotPasswordPageTest@147ed70f</td></tr>
<tr>
<td title='scode.ECommerceTesting.Tests.ForgotPasswordPageTest.passwordMismatch()'><b>passwordMismatch</b><br>Test class: scode.ECommerceTesting.Tests.ForgotPasswordPageTest</td>
<td></td>
<td>0</td>
<td>scode.ECommerceTesting.Tests.ForgotPasswordPageTest@147ed70f</td></tr>
</table><p>
</body>
</html>