<html>
<head>
<title>TestNG:  Register Page</title>
<link href="../testng.css" rel="stylesheet" type="text/css" />
<link href="../my-testng.css" rel="stylesheet" type="text/css" />

<style type="text/css">
.log { display: none;} 
.stack-trace { display: none;} 
</style>
<script type="text/javascript">
<!--
function flip(e) {
  current = e.style.display;
  if (current == 'block') {
    e.style.display = 'none';
    return 0;
  }
  else {
    e.style.display = 'block';
    return 1;
  }
}

function toggleBox(szDivId, elem, msg1, msg2)
{
  var res = -1;  if (document.getElementById) {
    res = flip(document.getElementById(szDivId));
  }
  else if (document.all) {
    // this is the way old msie versions work
    res = flip(document.all[szDivId]);
  }
  if(elem) {
    if(res == 0) elem.innerHTML = msg1; else elem.innerHTML = msg2;
  }

}

function toggleAllBoxes() {
  if (document.getElementsByTagName) {
    d = document.getElementsByTagName('div');
    for (i = 0; i < d.length; i++) {
      if (d[i].className == 'log') {
        flip(d[i]);
      }
    }
  }
}

// -->
</script>

</head>
<body>
<h2 align='center'>Register Page</h2><table border='1' align="center">
<tr>
<td>Tests passed/Failed/Skipped:</td><td>16/1/1</td>
</tr><tr>
<td>Started on:</td><td>Thu Aug 29 09:38:04 IST 2024</td>
</tr>
<tr><td>Total time:</td><td>93 seconds (93825 ms)</td>
</tr><tr>
<td>Included groups:</td><td></td>
</tr><tr>
<td>Excluded groups:</td><td></td>
</tr>
</table><p/>
<small><i>(Hover the method name to see the test class name)</i></small><p/>
<table width='100%' border='1' class='invocation-failed'>
<tr><td colspan='4' align='center'><b>FAILED TESTS</b></td></tr>
<tr><td><b>Test method</b></td>
<td><b>Attribute(s)</b></td>
<td width="30%"><b>Exception</b></td>
<td width="10%"><b>Time (seconds)</b></td>
<td><b>Instance</b></td>
</tr>
<tr>
<td title='scode.ECommerceTesting.Tests.RegisterPageTest.register()'><b>register</b><br>Test class: scode.ECommerceTesting.Tests.RegisterPageTest<br>Parameters: {fname=Santhosh, occupation=Doctor, gender=Male, passlength=123, passwordwithNoSmall=12345678S@, phno=9062517617, password=151Fa04124@4517, lname=Sai, errorhandlingemail=vosegstyhrgeruy@gmail.com, numericpassword=12345678, passwordwithNoDigits=aswS@qwe, confirmpassword=151Fa04124@4517, email=voshrrtybsvhruy@gmail.com, passwordwithNoCaps=12345678s@, age=true}</td>
<td><div><pre>org.openqa.selenium.TimeoutException: Expected condition failed: waiting for visibility of Proxy element for: DefaultElementLocator &apos;By.cssSelector: .text-reset&apos; (tried for 5 second(s) with 500 milliseconds interval)
	at org.openqa.selenium.support.ui.WebDriverWait.timeoutException(WebDriverWait.java:84)
	at org.openqa.selenium.support.ui.FluentWait.until(FluentWait.java:228)
	at scode.ECommerece.AbstractComponents.Utility.waitForWebElementToAppear(Utility.java:40)
	at scode.ECommerceTesting.pageobjects.RegisterPage.gotoLoginPage(RegisterPage.java:128)
	at scode.ECommerceTesting.Tests.RegisterPageTest.register(RegisterPageTest.java:33)
	at java.base/java.util.concurrent.Executors$RunnableAdapter.call(Executors.java:539)
	at java.base/java.util.concurrent.FutureTask.run(FutureTask.java:264)
	at java.base/java.util.concurrent.ThreadPoolExecutor.runWorker(ThreadPoolExecutor.java:1136)
	at java.base/java.util.concurrent.ThreadPoolExecutor$Worker.run(ThreadPoolExecutor.java:635)
	at java.base/java.lang.Thread.run(Thread.java:840)
Caused by: org.openqa.selenium.NoSuchElementException: no such element: Unable to locate element: {&quot;method&quot;:&quot;css selector&quot;,&quot;selector&quot;:&quot;.text-reset&quot;}
  (Session info: chrome=126.0.6478.115)
For documentation on this error, please visit: https://www.selenium.dev/documentation/webdriver/troubleshooting/errors#no-such-element-exception
Build info: version: &apos;4.23.0&apos;, revision: &apos;4df0a231af&apos;
System info: os.name: &apos;Windows 11&apos;, os.arch: &apos;amd64&apos;, os.version: &apos;10.0&apos;, java.version: &apos;17.0.9&apos;
Driver info: org.openqa.selenium.chrome.ChromeDriver
Command: [346907422ba3bdc8f379886a2e8f8bb2, findElement {value=.text-reset, using=css selector}]
Capabilities {acceptInsecureCerts: false, browserName: chrome, browserVersion: 126.0.6478.115, chrome: {chromedriverVersion: 126.0.6478.182 (5b5d8292ddf..., userDataDir: C:\Users\santh\AppData\Loca...}, fedcm:accounts: true, goog:chromeOptions: {debuggerAddress: localhost:61741}, networkConnectionEnabled: false, pageLoadStrategy: normal, platformName: windows, proxy: Proxy(), se:cdp: ws://localhost:61741/devtoo..., se:cdpVersion: 126.0.6478.115, setWindowRect: true, strictFileInteractability: false, timeouts: {implicit: 0, pageLoad: 300000, script: 30000}, unhandledPromptBehavior: dismiss and notify, webauthn:extension:credBlob: true, webauthn:extension:largeBlob: true, webauthn:extension:minPinLength: true, webauthn:extension:prf: true, webauthn:virtualAuthenticators: true}
Session ID: 346907422ba3bdc8f379886a2e8f8bb2
	at org.openqa.selenium.remote.ErrorCodec.decode(ErrorCodec.java:167)
	at org.openqa.selenium.remote.codec.w3c.W3CHttpResponseCodec.decode(W3CHttpResponseCodec.java:138)
	at org.openqa.selenium.remote.codec.w3c.W3CHttpResponseCodec.decode(W3CHttpResponseCodec.java:50)
	at org.openqa.selenium.remote.HttpCommandExecutor.execute(HttpCommandExecutor.java:190)
	at org.openqa.selenium.remote.service.DriverCommandExecutor.invokeExecute(DriverCommandExecutor.java:216)
	at org.openqa.selenium.remote.service.DriverCommandExecutor.execute(DriverCommandExecutor.java:174)
	at org.openqa.selenium.remote.RemoteWebDriver.execute(RemoteWebDriver.java:527)
	at org.openqa.selenium.remote.ElementLocation$ElementFinder$2.findElement(ElementLocation.java:165)
	at org.openqa.selenium.remote.ElementLocation.findElement(ElementLocation.java:59)
	at org.openqa.selenium.remote.RemoteWebDriver.findElement(RemoteWebDriver.java:357)
	at org.openqa.selenium.remote.RemoteWebDriver.findElement(RemoteWebDriver.java:351)
	at org.openqa.selenium.support.pagefactory.DefaultElementLocator.findElement(DefaultElementLocator.java:68)
	at org.openqa.selenium.support.pagefactory.internal.LocatingElementHandler.invoke(LocatingElementHandler.java:38)
	at jdk.proxy2/jdk.proxy2.$Proxy13.isDisplayed(Unknown Source)
	at org.openqa.selenium.support.ui.ExpectedConditions.elementIfVisible(ExpectedConditions.java:304)
	at org.openqa.selenium.support.ui.ExpectedConditions$10.apply(ExpectedConditions.java:290)
	at org.openqa.selenium.support.ui.ExpectedConditions$10.apply(ExpectedConditions.java:287)
	at org.openqa.selenium.support.ui.FluentWait.until(FluentWait.java:203)
	... 21 more
... Removed 18 stack frames</pre></div><a href='#' onClick='toggleBox("stack-trace2119268352", this, "Click to show all stack frames", "Click to hide stack frames")'>Click to show all stack frames</a>
<div class='stack-trace' id='stack-trace2119268352'><pre>org.openqa.selenium.TimeoutException: Expected condition failed: waiting for visibility of Proxy element for: DefaultElementLocator &apos;By.cssSelector: .text-reset&apos; (tried for 5 second(s) with 500 milliseconds interval)
	at org.openqa.selenium.support.ui.WebDriverWait.timeoutException(WebDriverWait.java:84)
	at org.openqa.selenium.support.ui.FluentWait.until(FluentWait.java:228)
	at scode.ECommerece.AbstractComponents.Utility.waitForWebElementToAppear(Utility.java:40)
	at scode.ECommerceTesting.pageobjects.RegisterPage.gotoLoginPage(RegisterPage.java:128)
	at scode.ECommerceTesting.Tests.RegisterPageTest.register(RegisterPageTest.java:33)
	at java.base/jdk.internal.reflect.NativeMethodAccessorImpl.invoke0(Native Method)
	at java.base/jdk.internal.reflect.NativeMethodAccessorImpl.invoke(NativeMethodAccessorImpl.java:77)
	at java.base/jdk.internal.reflect.DelegatingMethodAccessorImpl.invoke(DelegatingMethodAccessorImpl.java:43)
	at java.base/java.lang.reflect.Method.invoke(Method.java:568)
	at org.testng.internal.invokers.MethodInvocationHelper.invokeMethod(MethodInvocationHelper.java:141)
	at org.testng.internal.invokers.TestInvoker.invokeMethod(TestInvoker.java:686)
	at org.testng.internal.invokers.TestInvoker.invokeTestMethod(TestInvoker.java:230)
	at org.testng.internal.invokers.MethodRunner.runInSequence(MethodRunner.java:63)
	at org.testng.internal.invokers.TestInvoker$MethodInvocationAgent.invoke(TestInvoker.java:992)
	at org.testng.internal.invokers.TestInvoker.invokeTestMethods(TestInvoker.java:203)
	at org.testng.internal.invokers.TestMethodWorker.invokeTestMethods(TestMethodWorker.java:154)
	at org.testng.internal.invokers.TestMethodWorker.run(TestMethodWorker.java:134)
	at java.base/java.util.concurrent.Executors$RunnableAdapter.call(Executors.java:539)
	at java.base/java.util.concurrent.FutureTask.run(FutureTask.java:264)
	at org.testng.internal.thread.graph.TestNGFutureTask.run(TestNGFutureTask.java:22)
	at java.base/java.util.concurrent.ThreadPoolExecutor.runWorker(ThreadPoolExecutor.java:1136)
	at java.base/java.util.concurrent.ThreadPoolExecutor$Worker.run(ThreadPoolExecutor.java:635)
	at java.base/java.lang.Thread.run(Thread.java:840)
Caused by: org.openqa.selenium.NoSuchElementException: no such element: Unable to locate element: {&quot;method&quot;:&quot;css selector&quot;,&quot;selector&quot;:&quot;.text-reset&quot;}
  (Session info: chrome=126.0.6478.115)
For documentation on this error, please visit: https://www.selenium.dev/documentation/webdriver/troubleshooting/errors#no-such-element-exception
Build info: version: &apos;4.23.0&apos;, revision: &apos;4df0a231af&apos;
System info: os.name: &apos;Windows 11&apos;, os.arch: &apos;amd64&apos;, os.version: &apos;10.0&apos;, java.version: &apos;17.0.9&apos;
Driver info: org.openqa.selenium.chrome.ChromeDriver
Command: [346907422ba3bdc8f379886a2e8f8bb2, findElement {value=.text-reset, using=css selector}]
Capabilities {acceptInsecureCerts: false, browserName: chrome, browserVersion: 126.0.6478.115, chrome: {chromedriverVersion: 126.0.6478.182 (5b5d8292ddf..., userDataDir: C:\Users\santh\AppData\Loca...}, fedcm:accounts: true, goog:chromeOptions: {debuggerAddress: localhost:61741}, networkConnectionEnabled: false, pageLoadStrategy: normal, platformName: windows, proxy: Proxy(), se:cdp: ws://localhost:61741/devtoo..., se:cdpVersion: 126.0.6478.115, setWindowRect: true, strictFileInteractability: false, timeouts: {implicit: 0, pageLoad: 300000, script: 30000}, unhandledPromptBehavior: dismiss and notify, webauthn:extension:credBlob: true, webauthn:extension:largeBlob: true, webauthn:extension:minPinLength: true, webauthn:extension:prf: true, webauthn:virtualAuthenticators: true}
Session ID: 346907422ba3bdc8f379886a2e8f8bb2
	at java.base/jdk.internal.reflect.NativeConstructorAccessorImpl.newInstance0(Native Method)
	at java.base/jdk.internal.reflect.NativeConstructorAccessorImpl.newInstance(NativeConstructorAccessorImpl.java:77)
	at java.base/jdk.internal.reflect.DelegatingConstructorAccessorImpl.newInstance(DelegatingConstructorAccessorImpl.java:45)
	at java.base/java.lang.reflect.Constructor.newInstanceWithCaller(Constructor.java:499)
	at java.base/java.lang.reflect.Constructor.newInstance(Constructor.java:480)
	at org.openqa.selenium.remote.ErrorCodec.decode(ErrorCodec.java:167)
	at org.openqa.selenium.remote.codec.w3c.W3CHttpResponseCodec.decode(W3CHttpResponseCodec.java:138)
	at org.openqa.selenium.remote.codec.w3c.W3CHttpResponseCodec.decode(W3CHttpResponseCodec.java:50)
	at org.openqa.selenium.remote.HttpCommandExecutor.execute(HttpCommandExecutor.java:190)
	at org.openqa.selenium.remote.service.DriverCommandExecutor.invokeExecute(DriverCommandExecutor.java:216)
	at org.openqa.selenium.remote.service.DriverCommandExecutor.execute(DriverCommandExecutor.java:174)
	at org.openqa.selenium.remote.RemoteWebDriver.execute(RemoteWebDriver.java:527)
	at org.openqa.selenium.remote.ElementLocation$ElementFinder$2.findElement(ElementLocation.java:165)
	at org.openqa.selenium.remote.ElementLocation.findElement(ElementLocation.java:59)
	at org.openqa.selenium.remote.RemoteWebDriver.findElement(RemoteWebDriver.java:357)
	at org.openqa.selenium.remote.RemoteWebDriver.findElement(RemoteWebDriver.java:351)
	at org.openqa.selenium.support.pagefactory.DefaultElementLocator.findElement(DefaultElementLocator.java:68)
	at org.openqa.selenium.support.pagefactory.internal.LocatingElementHandler.invoke(LocatingElementHandler.java:38)
	at jdk.proxy2/jdk.proxy2.$Proxy13.isDisplayed(Unknown Source)
	at org.openqa.selenium.support.ui.ExpectedConditions.elementIfVisible(ExpectedConditions.java:304)
	at org.openqa.selenium.support.ui.ExpectedConditions$10.apply(ExpectedConditions.java:290)
	at org.openqa.selenium.support.ui.ExpectedConditions$10.apply(ExpectedConditions.java:287)
	at org.openqa.selenium.support.ui.FluentWait.until(FluentWait.java:203)
	... 21 more
</pre></div></td>
<td>11</td>
<td>scode.ECommerceTesting.Tests.RegisterPageTest@6f204a1a</td></tr>
</table><p>
<table width='100%' border='1' class='invocation-passed'>
<tr><td colspan='4' align='center'><b>PASSED TESTS</b></td></tr>
<tr><td><b>Test method</b></td>
<td><b>Attribute(s)</b></td>
<td width="30%"><b>Exception</b></td>
<td width="10%"><b>Time (seconds)</b></td>
<td><b>Instance</b></td>
</tr>
<tr>
<td title='scode.ECommerceTesting.Tests.RegisterPageTest.phnoWithChars()'><b>phnoWithChars</b><br>Test class: scode.ECommerceTesting.Tests.RegisterPageTest<br>Parameters: {fname=Santhosh, occupation=Doctor, gender=Male, passlength=123, passwordwithNoSmall=12345678S@, phno=9062517617, password=151Fa04124@4517, lname=Sai, errorhandlingemail=vosegstyhrgeruy@gmail.com, numericpassword=12345678, passwordwithNoDigits=aswS@qwe, confirmpassword=151Fa04124@4517, email=voshrrtybsvhruy@gmail.com, passwordwithNoCaps=12345678s@, age=true}</td>
<td></td>
<td>1</td>
<td>scode.ECommerceTesting.Tests.RegisterPageTest@6f204a1a</td></tr>
<tr>
<td title='scode.ECommerceTesting.Tests.RegisterPageTest.passwordLength()'><b>passwordLength</b><br>Test class: scode.ECommerceTesting.Tests.RegisterPageTest<br>Parameters: {fname=Santhosh, occupation=Doctor, gender=Male, passlength=123, passwordwithNoSmall=12345678S@, phno=9062517617, password=151Fa04124@4517, lname=Sai, errorhandlingemail=vosegstyhrgeruy@gmail.com, numericpassword=12345678, passwordwithNoDigits=aswS@qwe, confirmpassword=151Fa04124@4517, email=voshrrtybsvhruy@gmail.com, passwordwithNoCaps=12345678s@, age=true}</td>
<td></td>
<td>1</td>
<td>scode.ECommerceTesting.Tests.RegisterPageTest@6f204a1a</td></tr>
<tr>
<td title='scode.ECommerceTesting.Tests.RegisterPageTest.emptyLastName()'><b>emptyLastName</b><br>Test class: scode.ECommerceTesting.Tests.RegisterPageTest<br>Parameters: {fname=Santhosh, occupation=Doctor, gender=Male, passlength=123, passwordwithNoSmall=12345678S@, phno=9062517617, password=151Fa04124@4517, lname=Sai, errorhandlingemail=vosegstyhrgeruy@gmail.com, numericpassword=12345678, passwordwithNoDigits=aswS@qwe, confirmpassword=151Fa04124@4517, email=voshrrtybsvhruy@gmail.com, passwordwithNoCaps=12345678s@, age=true}</td>
<td></td>
<td>1</td>
<td>scode.ECommerceTesting.Tests.RegisterPageTest@6f204a1a</td></tr>
<tr>
<td title='scode.ECommerceTesting.Tests.RegisterPageTest.numericPassword()'><b>numericPassword</b><br>Test class: scode.ECommerceTesting.Tests.RegisterPageTest<br>Parameters: {fname=Santhosh, occupation=Doctor, gender=Male, passlength=123, passwordwithNoSmall=12345678S@, phno=9062517617, password=151Fa04124@4517, lname=Sai, errorhandlingemail=vosegstyhrgeruy@gmail.com, numericpassword=12345678, passwordwithNoDigits=aswS@qwe, confirmpassword=151Fa04124@4517, email=voshrrtybsvhruy@gmail.com, passwordwithNoCaps=12345678s@, age=true}</td>
<td></td>
<td>1</td>
<td>scode.ECommerceTesting.Tests.RegisterPageTest@6f204a1a</td></tr>
<tr>
<td title='scode.ECommerceTesting.Tests.RegisterPageTest.passwordwithNoCaps()'><b>passwordwithNoCaps</b><br>Test class: scode.ECommerceTesting.Tests.RegisterPageTest<br>Parameters: {fname=Santhosh, occupation=Doctor, gender=Male, passlength=123, passwordwithNoSmall=12345678S@, phno=9062517617, password=151Fa04124@4517, lname=Sai, errorhandlingemail=vosegstyhrgeruy@gmail.com, numericpassword=12345678, passwordwithNoDigits=aswS@qwe, confirmpassword=151Fa04124@4517, email=voshrrtybsvhruy@gmail.com, passwordwithNoCaps=12345678s@, age=true}</td>
<td></td>
<td>1</td>
<td>scode.ECommerceTesting.Tests.RegisterPageTest@6f204a1a</td></tr>
<tr>
<td title='scode.ECommerceTesting.Tests.RegisterPageTest.passwordwithNoDigits()'><b>passwordwithNoDigits</b><br>Test class: scode.ECommerceTesting.Tests.RegisterPageTest<br>Parameters: {fname=Santhosh, occupation=Doctor, gender=Male, passlength=123, passwordwithNoSmall=12345678S@, phno=9062517617, password=151Fa04124@4517, lname=Sai, errorhandlingemail=vosegstyhrgeruy@gmail.com, numericpassword=12345678, passwordwithNoDigits=aswS@qwe, confirmpassword=151Fa04124@4517, email=voshrrtybsvhruy@gmail.com, passwordwithNoCaps=12345678s@, age=true}</td>
<td></td>
<td>1</td>
<td>scode.ECommerceTesting.Tests.RegisterPageTest@6f204a1a</td></tr>
<tr>
<td title='scode.ECommerceTesting.Tests.RegisterPageTest.phnoWithMorethanTen()'><b>phnoWithMorethanTen</b><br>Test class: scode.ECommerceTesting.Tests.RegisterPageTest<br>Parameters: {fname=Santhosh, occupation=Doctor, gender=Male, passlength=123, passwordwithNoSmall=12345678S@, phno=9062517617, password=151Fa04124@4517, lname=Sai, errorhandlingemail=vosegstyhrgeruy@gmail.com, numericpassword=12345678, passwordwithNoDigits=aswS@qwe, confirmpassword=151Fa04124@4517, email=voshrrtybsvhruy@gmail.com, passwordwithNoCaps=12345678s@, age=true}</td>
<td></td>
<td>1</td>
<td>scode.ECommerceTesting.Tests.RegisterPageTest@6f204a1a</td></tr>
<tr>
<td title='scode.ECommerceTesting.Tests.RegisterPageTest.registerPageVisting()'><b>registerPageVisting</b><br>Test class: scode.ECommerceTesting.Tests.RegisterPageTest</td>
<td></td>
<td>0</td>
<td>scode.ECommerceTesting.Tests.RegisterPageTest@6f204a1a</td></tr>
<tr>
<td title='scode.ECommerceTesting.Tests.RegisterPageTest.invalidPhNo()'><b>invalidPhNo</b><br>Test class: scode.ECommerceTesting.Tests.RegisterPageTest<br>Parameters: {fname=Santhosh, occupation=Doctor, gender=Male, passlength=123, passwordwithNoSmall=12345678S@, phno=9062517617, password=151Fa04124@4517, lname=Sai, errorhandlingemail=vosegstyhrgeruy@gmail.com, numericpassword=12345678, passwordwithNoDigits=aswS@qwe, confirmpassword=151Fa04124@4517, email=voshrrtybsvhruy@gmail.com, passwordwithNoCaps=12345678s@, age=true}</td>
<td></td>
<td>1</td>
<td>scode.ECommerceTesting.Tests.RegisterPageTest@6f204a1a</td></tr>
<tr>
<td title='scode.ECommerceTesting.Tests.RegisterPageTest.passwordMismatch()'><b>passwordMismatch</b><br>Test class: scode.ECommerceTesting.Tests.RegisterPageTest<br>Parameters: {fname=Santhosh, occupation=Doctor, gender=Male, passlength=123, passwordwithNoSmall=12345678S@, phno=9062517617, password=151Fa04124@4517, lname=Sai, errorhandlingemail=vosegstyhrgeruy@gmail.com, numericpassword=12345678, passwordwithNoDigits=aswS@qwe, confirmpassword=151Fa04124@4517, email=voshrrtybsvhruy@gmail.com, passwordwithNoCaps=12345678s@, age=true}</td>
<td></td>
<td>1</td>
<td>scode.ECommerceTesting.Tests.RegisterPageTest@6f204a1a</td></tr>
<tr>
<td title='scode.ECommerceTesting.Tests.RegisterPageTest.passwordwithNoSmall()'><b>passwordwithNoSmall</b><br>Test class: scode.ECommerceTesting.Tests.RegisterPageTest<br>Parameters: {fname=Santhosh, occupation=Doctor, gender=Male, passlength=123, passwordwithNoSmall=12345678S@, phno=9062517617, password=151Fa04124@4517, lname=Sai, errorhandlingemail=vosegstyhrgeruy@gmail.com, numericpassword=12345678, passwordwithNoDigits=aswS@qwe, confirmpassword=151Fa04124@4517, email=voshrrtybsvhruy@gmail.com, passwordwithNoCaps=12345678s@, age=true}</td>
<td></td>
<td>1</td>
<td>scode.ECommerceTesting.Tests.RegisterPageTest@6f204a1a</td></tr>
<tr>
<td title='scode.ECommerceTesting.Tests.RegisterPageTest.emptyData()'><b>emptyData</b><br>Test class: scode.ECommerceTesting.Tests.RegisterPageTest</td>
<td></td>
<td>0</td>
<td>scode.ECommerceTesting.Tests.RegisterPageTest@6f204a1a</td></tr>
<tr>
<td title='scode.ECommerceTesting.Tests.RegisterPageTest.phnoWithLessthanTen()'><b>phnoWithLessthanTen</b><br>Test class: scode.ECommerceTesting.Tests.RegisterPageTest<br>Parameters: {fname=Santhosh, occupation=Doctor, gender=Male, passlength=123, passwordwithNoSmall=12345678S@, phno=9062517617, password=151Fa04124@4517, lname=Sai, errorhandlingemail=vosegstyhrgeruy@gmail.com, numericpassword=12345678, passwordwithNoDigits=aswS@qwe, confirmpassword=151Fa04124@4517, email=voshrrtybsvhruy@gmail.com, passwordwithNoCaps=12345678s@, age=true}</td>
<td></td>
<td>1</td>
<td>scode.ECommerceTesting.Tests.RegisterPageTest@6f204a1a</td></tr>
<tr>
<td title='scode.ECommerceTesting.Tests.RegisterPageTest.invalidEmailFormat()'><b>invalidEmailFormat</b><br>Test class: scode.ECommerceTesting.Tests.RegisterPageTest<br>Parameters: {fname=Santhosh, occupation=Doctor, gender=Male, passlength=123, passwordwithNoSmall=12345678S@, phno=9062517617, password=151Fa04124@4517, lname=Sai, errorhandlingemail=vosegstyhrgeruy@gmail.com, numericpassword=12345678, passwordwithNoDigits=aswS@qwe, confirmpassword=151Fa04124@4517, email=voshrrtybsvhruy@gmail.com, passwordwithNoCaps=12345678s@, age=true}</td>
<td></td>
<td>1</td>
<td>scode.ECommerceTesting.Tests.RegisterPageTest@6f204a1a</td></tr>
<tr>
<td title='scode.ECommerceTesting.Tests.RegisterPageTest.invalidEmail()'><b>invalidEmail</b><br>Test class: scode.ECommerceTesting.Tests.RegisterPageTest<br>Parameters: {fname=Santhosh, occupation=Doctor, gender=Male, passlength=123, passwordwithNoSmall=12345678S@, phno=9062517617, password=151Fa04124@4517, lname=Sai, errorhandlingemail=vosegstyhrgeruy@gmail.com, numericpassword=12345678, passwordwithNoDigits=aswS@qwe, confirmpassword=151Fa04124@4517, email=voshrrtybsvhruy@gmail.com, passwordwithNoCaps=12345678s@, age=true}</td>
<td></td>
<td>1</td>
<td>scode.ECommerceTesting.Tests.RegisterPageTest@6f204a1a</td></tr>
<tr>
<td title='scode.ECommerceTesting.Tests.RegisterPageTest.gotoLogin()'><b>gotoLogin</b><br>Test class: scode.ECommerceTesting.Tests.RegisterPageTest</td>
<td></td>
<td>6</td>
<td>scode.ECommerceTesting.Tests.RegisterPageTest@6f204a1a</td></tr>
</table><p>
<table width='100%' border='1' class='invocation-skipped'>
<tr><td colspan='4' align='center'><b>SKIPPED TESTS</b></td></tr>
<tr><td><b>Test method</b></td>
<td><b>Attribute(s)</b></td>
<td width="30%"><b>Exception</b></td>
<td width="10%"><b>Time (seconds)</b></td>
<td><b>Instance</b></td>
</tr>
<tr>
<td title='scode.ECommerceTesting.Tests.RegisterPageTest.duplicateEmail()'><b>duplicateEmail</b><br>Test class: scode.ECommerceTesting.Tests.RegisterPageTest</td>
<td><div><pre>java.lang.Throwable: Method scode.ECommerceTesting.Tests.RegisterPageTest.duplicateEmail() on instance scode.ECommerceTesting.Tests.RegisterPageTest@6f204a1a depends on not successfully finished methods 
[scode.ECommerceTesting.Tests.RegisterPageTest.register() on instance scode.ECommerceTesting.Tests.RegisterPageTest@6f204a1a]
	at java.base/java.util.concurrent.Executors$RunnableAdapter.call(Executors.java:539)
	at java.base/java.util.concurrent.FutureTask.run(FutureTask.java:264)
	at java.base/java.util.concurrent.ThreadPoolExecutor.runWorker(ThreadPoolExecutor.java:1136)
	at java.base/java.util.concurrent.ThreadPoolExecutor$Worker.run(ThreadPoolExecutor.java:635)
	at java.base/java.lang.Thread.run(Thread.java:840)
... Removed 4 stack frames</pre></div><a href='#' onClick='toggleBox("stack-trace310653804", this, "Click to show all stack frames", "Click to hide stack frames")'>Click to show all stack frames</a>
<div class='stack-trace' id='stack-trace310653804'><pre>java.lang.Throwable: Method scode.ECommerceTesting.Tests.RegisterPageTest.duplicateEmail() on instance scode.ECommerceTesting.Tests.RegisterPageTest@6f204a1a depends on not successfully finished methods 
[scode.ECommerceTesting.Tests.RegisterPageTest.register() on instance scode.ECommerceTesting.Tests.RegisterPageTest@6f204a1a]
	at org.testng.internal.invokers.TestInvoker.invokeTestMethods(TestInvoker.java:159)
	at org.testng.internal.invokers.TestMethodWorker.invokeTestMethods(TestMethodWorker.java:154)
	at org.testng.internal.invokers.TestMethodWorker.run(TestMethodWorker.java:134)
	at java.base/java.util.concurrent.Executors$RunnableAdapter.call(Executors.java:539)
	at java.base/java.util.concurrent.FutureTask.run(FutureTask.java:264)
	at org.testng.internal.thread.graph.TestNGFutureTask.run(TestNGFutureTask.java:22)
	at java.base/java.util.concurrent.ThreadPoolExecutor.runWorker(ThreadPoolExecutor.java:1136)
	at java.base/java.util.concurrent.ThreadPoolExecutor$Worker.run(ThreadPoolExecutor.java:635)
	at java.base/java.lang.Thread.run(Thread.java:840)
</pre></div></td>
<td>0</td>
<td>scode.ECommerceTesting.Tests.RegisterPageTest@6f204a1a</td></tr>
</table><p>
</body>
</html>