<?xml version="1.0" encoding="UTF-8"?>
<!-- Generated by org.testng.reporters.JUnitXMLReporter -->
<testsuite ignored="0" hostname="DESKTOP-G0V8S5A" failures="1" tests="18" name="Register Page" time="93.825" errors="0" timestamp="2024-08-29T09:39:38 IST">
  <testcase classname="scode.ECommerceTesting.Tests.RegisterPageTest" name="invalidEmailFormat" time="1.309"/>
  <testcase classname="scode.ECommerceTesting.Tests.RegisterPageTest" name="invalidPhNo" time="1.633"/>
  <testcase classname="scode.ECommerceTesting.Tests.RegisterPageTest" name="passwordwithNoCaps" time="1.119"/>
  <testcase classname="scode.ECommerceTesting.Tests.RegisterPageTest" name="register" time="11.337">
    <failure type="org.openqa.selenium.TimeoutException" message="Expected condition failed: waiting for visibility of Proxy element for: DefaultElementLocator &amp;apos;By.cssSelector: .text-reset&amp;apos; (tried for 5 second(s) with 500 milliseconds interval)">
      <![CDATA[org.openqa.selenium.TimeoutException: Expected condition failed: waiting for visibility of Proxy element for: DefaultElementLocator 'By.cssSelector: .text-reset' (tried for 5 second(s) with 500 milliseconds interval)
at org.openqa.selenium.support.ui.WebDriverWait.timeoutException(WebDriverWait.java:84)
at org.openqa.selenium.support.ui.FluentWait.until(FluentWait.java:228)
at scode.ECommerece.AbstractComponents.Utility.waitForWebElementToAppear(Utility.java:40)
at scode.ECommerceTesting.pageobjects.RegisterPage.gotoLoginPage(RegisterPage.java:128)
at scode.ECommerceTesting.Tests.RegisterPageTest.register(RegisterPageTest.java:33)
at java.base/java.util.concurrent.Executors$RunnableAdapter.call(Executors.java:539)
at java.base/java.util.concurrent.FutureTask.run(FutureTask.java:264)
at java.base/java.util.concurrent.ThreadPoolExecutor.runWorker(ThreadPoolExecutor.java:1136)
at java.base/java.util.concurrent.ThreadPoolExecutor$Worker.run(ThreadPoolExecutor.java:635)
at java.base/java.lang.Thread.run(Thread.java:840)
Caused by: org.openqa.selenium.NoSuchElementException: no such element: Unable to locate element: {"method":"css selector","selector":".text-reset"}
  (Session info: chrome=126.0.6478.115)
For documentation on this error, please visit: https://www.selenium.dev/documentation/webdriver/troubleshooting/errors#no-such-element-exception
Build info: version: '4.23.0', revision: '4df0a231af'
System info: os.name: 'Windows 11', os.arch: 'amd64', os.version: '10.0', java.version: '17.0.9'
Driver info: org.openqa.selenium.chrome.ChromeDriver
Command: [346907422ba3bdc8f379886a2e8f8bb2, findElement {value=.text-reset, using=css selector}]
Capabilities {acceptInsecureCerts: false, browserName: chrome, browserVersion: 126.0.6478.115, chrome: {chromedriverVersion: 126.0.6478.182 (5b5d8292ddf..., userDataDir: C:\Users\santh\AppData\Loca...}, fedcm:accounts: true, goog:chromeOptions: {debuggerAddress: localhost:61741}, networkConnectionEnabled: false, pageLoadStrategy: normal, platformName: windows, proxy: Proxy(), se:cdp: ws://localhost:61741/devtoo..., se:cdpVersion: 126.0.6478.115, setWindowRect: true, strictFileInteractability: false, timeouts: {implicit: 0, pageLoad: 300000, script: 30000}, unhandledPromptBehavior: dismiss and notify, webauthn:extension:credBlob: true, webauthn:extension:largeBlob: true, webauthn:extension:minPinLength: true, webauthn:extension:prf: true, webauthn:virtualAuthenticators: true}
Session ID: 346907422ba3bdc8f379886a2e8f8bb2
at org.openqa.selenium.remote.ErrorCodec.decode(ErrorCodec.java:167)
at org.openqa.selenium.remote.codec.w3c.W3CHttpResponseCodec.decode(W3CHttpResponseCodec.java:138)
at org.openqa.selenium.remote.codec.w3c.W3CHttpResponseCodec.decode(W3CHttpResponseCodec.java:50)
at org.openqa.selenium.remote.HttpCommandExecutor.execute(HttpCommandExecutor.java:190)
at org.openqa.selenium.remote.service.DriverCommandExecutor.invokeExecute(DriverCommandExecutor.java:216)
at org.openqa.selenium.remote.service.DriverCommandExecutor.execute(DriverCommandExecutor.java:174)
at org.openqa.selenium.remote.RemoteWebDriver.execute(RemoteWebDriver.java:527)
at org.openqa.selenium.remote.ElementLocation$ElementFinder$2.findElement(ElementLocation.java:165)
at org.openqa.selenium.remote.ElementLocation.findElement(ElementLocation.java:59)
at org.openqa.selenium.remote.RemoteWebDriver.findElement(RemoteWebDriver.java:357)
at org.openqa.selenium.remote.RemoteWebDriver.findElement(RemoteWebDriver.java:351)
at org.openqa.selenium.support.pagefactory.DefaultElementLocator.findElement(DefaultElementLocator.java:68)
at org.openqa.selenium.support.pagefactory.internal.LocatingElementHandler.invoke(LocatingElementHandler.java:38)
at jdk.proxy2/jdk.proxy2.$Proxy13.isDisplayed(Unknown Source)
at org.openqa.selenium.support.ui.ExpectedConditions.elementIfVisible(ExpectedConditions.java:304)
at org.openqa.selenium.support.ui.ExpectedConditions$10.apply(ExpectedConditions.java:290)
at org.openqa.selenium.support.ui.ExpectedConditions$10.apply(ExpectedConditions.java:287)
at org.openqa.selenium.support.ui.FluentWait.until(FluentWait.java:203)
... 21 more
... Removed 18 stack frames]]>
    </failure>
  </testcase> <!-- register -->
  <testcase classname="scode.ECommerceTesting.Tests.RegisterPageTest" name="emptyData" time="0.773"/>
  <testcase classname="scode.ECommerceTesting.Tests.RegisterPageTest" name="emptyLastName" time="1.11"/>
  <testcase classname="scode.ECommerceTesting.Tests.RegisterPageTest" name="gotoLogin" time="6.545"/>
  <testcase classname="scode.ECommerceTesting.Tests.RegisterPageTest" name="invalidEmail" time="1.053"/>
  <testcase classname="scode.ECommerceTesting.Tests.RegisterPageTest" name="numericPassword" time="1.017"/>
  <testcase classname="scode.ECommerceTesting.Tests.RegisterPageTest" name="passwordLength" time="1.754"/>
  <testcase classname="scode.ECommerceTesting.Tests.RegisterPageTest" name="passwordMismatch" time="1.076"/>
  <testcase classname="scode.ECommerceTesting.Tests.RegisterPageTest" name="passwordwithNoDigits" time="1.662"/>
  <testcase classname="scode.ECommerceTesting.Tests.RegisterPageTest" name="passwordwithNoSmall" time="1.635"/>
  <testcase classname="scode.ECommerceTesting.Tests.RegisterPageTest" name="phnoWithChars" time="1.458"/>
  <testcase classname="scode.ECommerceTesting.Tests.RegisterPageTest" name="phnoWithLessthanTen" time="1.061"/>
  <testcase classname="scode.ECommerceTesting.Tests.RegisterPageTest" name="phnoWithMorethanTen" time="1.124"/>
  <testcase classname="scode.ECommerceTesting.Tests.RegisterPageTest" name="registerPageVisting" time="0.127"/>
  <testcase classname="scode.ECommerceTesting.Tests.RegisterPageTest" name="duplicateEmail" time="0.0">
    <skipped/>
  </testcase> <!-- duplicateEmail -->
</testsuite> <!-- Register Page -->
